#
# A fatal error has been detected by the Java Runtime Environment:
#
#  SIGSEGV (0xb) at pc=0x000000012dfb3966, pid=2011, tid=2571
#
# JRE version: Java(TM) SE Runtime Environment (8.0_65-b17) (build 1.8.0_65-b17)
# Java VM: Java HotSpot(TM) 64-Bit Server VM (25.65-b01 mixed mode bsd-amd64 compressed oops)
# Problematic frame:
# C  [libglass.dylib+0x23966]  -[GlassWindow(Java) _sendJavaWindowMoveEventForFrame:]+0xf6
#
# Failed to write core dump. Core dumps have been disabled. To enable core dumping, try "ulimit -c unlimited" before starting Java again
#
# If you would like to submit a bug report, please visit:
#   http://bugreport.java.com/bugreport/crash.jsp
#

---------------  T H R E A D  ---------------

Current thread is native thread

siginfo: si_signo: 11 (SIGSEGV), si_code: 1 (SEGV_MAPERR), si_addr: 0x0000000000000000

Registers:
RAX=0x000000012dfd9540, RBX=0x0000000000000000, RCX=0x0000000000000000, RDX=0x0000000000000000
RSP=0x00007fff51273d40, RBP=0x00007fff51274180, RSI=0x0000000000000000, RDI=0x0000000000000000
R8 =0x0000000000000000, R9 =0x00007ffb3c000000, R10=0x0000000000001200, R11=0x0000000000000000
R12=0x00007fff77ee0070, R13=0x00007fff51274190, R14=0x00007ffb3845d480, R15=0x00007ffb3c1d90f8
RIP=0x000000012dfb3966, EFLAGS=0x0000000000010202, ERR=0x0000000000000004
  TRAPNO=0x000000000000000e

Top of Stack: (sp=0x00007fff51273d40)
0x00007fff51273d40:   40a9e80000000000 00007ffb3c1d9000
0x00007fff51273d50:   000000012dfb391d 000000012dfb5101
0x00007fff51273d60:   00007fff86441bbc 00007fff86441b4f
0x00007fff51273d70:   00007fff86441ac7 00007fff86441832
0x00007fff51273d80:   00007fff863fe5e2 00007fff863fd835
0x00007fff51273d90:   00007fff878dcfda 00007fff8b74db4e
0x00007fff51273da0:   00007fff8b74cd8c 00007fff8b74cca7
0x00007fff51273db0:   00007fff8b8b9fa5 00007fff8b7b6429
0x00007fff51273dc0:   00007fff8b8b9699 00007fff8b9b8d41
0x00007fff51273dd0:   00007fff8bf8fd1e 00007fff8bf8fa81
0x00007fff51273de0:   00007fff8beaafb7 00007fff8aaba62f
0x00007fff51273df0:   00007fff8aaba5d0 00007fff95d7840b
0x00007fff51273e00:   00007fff95d8bc1c 00007fff8646b9e9
0x00007fff51273e10:   00007fff8642a8dd 00007fff86429ed8
0x00007fff51273e20:   000000010e98e463 000000010e98a1ac
0x00007fff51273e30:   000000010e9904c0 000000010e989a04
0x00007fff51273e40:   0000000000000006 00007ffb3845d480
0x00007fff51273e50:   00007fff75f58500 0000000000000000
0x00007fff51273e60:   00007ffb3a9816d0 00007ffb3845d480
0x00007fff51273e70:   00007fff75f58500 00007ffb38722030
0x00007fff51273e80:   00007ffb3844b030 0000000000000000
0x00007fff51273e90:   00007ffb3844b020 00007fff868035ab
0x00007fff51273ea0:   00007fff51273ef0 00007fff878ea258
0x00007fff51273eb0:   0000000000000000 00007ffb3a9815b0
0x00007fff51273ec0:   00007fff51273fe0 00007fff87c06b00
0x00007fff51273ed0:   00007fff51273ef0 00007fff8d70b4c0
0x00007fff51273ee0:   00007fff51273fe0 00007fff87c06b00
0x00007fff51273ef0:   00007fff51273f10 00007fff8b63cae2
0x00007fff51273f00:   408c200000000000 00007fff51273f58
0x00007fff51273f10:   00007fff51273f90 00007fff8b63ca3b
0x00007fff51273f20:   00007fff7904d420 4039000000000000
0x00007fff51273f30:   5d0018417511f292 00007fff51273fe0 

Instructions: (pc=0x000000012dfb3966)
0x000000012dfb3946:   00 00 49 83 c7 08 ff cb 75 f0 48 8b bd c8 fb ff
0x000000012dfb3956:   ff e8 e2 81 00 00 48 8d 05 dd 5b 02 00 48 8b 38
0x000000012dfb3966:   48 8b 1f 48 8d 05 20 2c 02 00 48 8b 00 49 8b 34
0x000000012dfb3976:   06 48 8d 05 1a 5c 02 00 48 8b 10 f2 41 0f 2c 4d 

Register to memory mapping:

RAX=0x000000012dfd9540: jEnv+0 in /Library/Java/JavaVirtualMachines/jdk1.8.0_65.jdk/Contents/Home/jre/lib/libglass.dylib at 0x000000012df90000
RBX=0x0000000000000000 is an unknown value
RCX=0x0000000000000000 is an unknown value
RDX=0x0000000000000000 is an unknown value
RSP=0x00007fff51273d40 is an unknown value
RBP=0x00007fff51274180 is an unknown value
RSI=0x0000000000000000 is an unknown value
RDI=0x0000000000000000 is an unknown value
R8 =0x0000000000000000 is an unknown value
R9 =0x00007ffb3c000000 is an unknown value
R10=0x0000000000001200 is an unknown value
R11=0x0000000000000000 is an unknown value
R12=0x00007fff77ee0070: __stack_chk_guard+0 in /usr/lib/system/libsystem_c.dylib at 0x00007fff8f7c5000
R13=0x00007fff51274190 is an unknown value
R14=0x00007ffb3845d480 is an unknown value
R15=0x00007ffb3c1d90f8 is an unknown value


Stack: [0x00007fff50a78000,0x00007fff51278000],  sp=0x00007fff51273d40,  free space=8175k
Native frames: (J=compiled Java code, j=interpreted, Vv=VM code, C=native code)
C  [libglass.dylib+0x23966]  -[GlassWindow(Java) _sendJavaWindowMoveEventForFrame:]+0xf6
C  [libglass.dylib+0x25101]  -[GlassWindow(Overrides) windowDidResize:]+0x91
C  [CoreFoundation+0xa0bbc]  __CFNOTIFICATIONCENTER_IS_CALLING_OUT_TO_AN_OBSERVER__+0xc
C  [CoreFoundation+0xa0b4f]  ___CFXRegistrationPost_block_invoke+0x3f
C  [CoreFoundation+0xa0ac7]  _CFXRegistrationPost+0x197
C  [CoreFoundation+0xa0832]  ___CFXNotificationPost_block_invoke+0x32
C  [CoreFoundation+0x5d5e2]  -[_CFXNotificationRegistrar find:object:observer:enumerator:]+0x782
C  [CoreFoundation+0x5c835]  _CFXNotificationPost+0x2b5
C  [Foundation+0x6fda]  -[NSNotificationCenter postNotificationName:object:userInfo:]+0x42
C  [AppKit+0x11ab4e]  -[NSWindow _setFrameCommon:display:stashSize:]+0xdb3
C  [AppKit+0x119d8c]  -[NSWindow _setFrame:display:allowImplicitAnimation:stashSize:]+0xde
C  [AppKit+0x119ca7]  -[NSWindow setFrame:display:]+0x43
C  [AppKit+0x286fa5]  __25-[NSWindow setStyleMask:]_block_invoke+0x8c1
C  [AppKit+0x183429]  NSPerformVisuallyAtomicChange+0x93
C  [AppKit+0x286699]  -[NSWindow setStyleMask:]+0xde
C  [AppKit+0x385d41]  -[NSWindow _didExitFullScreen:]+0x135
C  [AppKit+0x95cd1e]  __123-[_NSWindowFullScreenTransition _performExitFullScreenModeForWindow:windowController:options:customWindows:doKitAnimation:]_block_invoke_2+0x18d
C  [AppKit+0x95ca81]  __123-[_NSWindowFullScreenTransition _performExitFullScreenModeForWindow:windowController:options:customWindows:doKitAnimation:]_block_invoke+0x514
C  [AppKit+0x877fb7]  __177-[NSDockConnection(FullScreenMessages) sendFullScreenExitForTransition:synchronous:window:exitForClose:backgroundWindows:participatingWindows:customAnimation:completionHandler:]_block_invoke+0x3c
C  [libxpc.dylib+0xa62f]  _xpc_connection_reply_callout+0x1a
C  [libxpc.dylib+0xa5d0]  _xpc_connection_call_reply+0x24
C  [libdispatch.dylib+0x240b]  _dispatch_client_callout+0x8
C  [libdispatch.dylib+0x15c1c]  _dispatch_main_queue_callback_4CF+0x695
C  [CoreFoundation+0xca9e9]  __CFRUNLOOP_IS_SERVICING_THE_MAIN_DISPATCH_QUEUE__+0x9
C  [CoreFoundation+0x898dd]  __CFRunLoopRun+0x79d
C  [CoreFoundation+0x88ed8]  CFRunLoopRunSpecific+0x128
C  [java+0x6463]  CreateExecutionEnvironment+0x367
C  [java+0x21ac]  JLI_Launch+0x7a0
C  [java+0x84c0]  main+0x65
C  [java+0x1a04]  start+0x34


---------------  P R O C E S S  ---------------

VM state:at safepoint (normal execution)

VM Mutex/Monitor currently owned by a thread:  ([mutex/lock_event])
[0x00007ffb3a902060] Threads_lock - owner thread: 0x00007ffb3981b800
[0x00007ffb3a902560] Heap_lock - owner thread: 0x00007ffb39002000

Heap:
 PSYoungGen      total 76288K, used 17488K [0x000000076ab00000, 0x0000000770000000, 0x00000007c0000000)
  eden space 65536K, 26% used [0x000000076ab00000,0x000000076bc143b8,0x000000076eb00000)
  from space 10752K, 0% used [0x000000076f580000,0x000000076f580000,0x0000000770000000)
  to   space 10752K, 0% used [0x000000076eb00000,0x000000076eb00000,0x000000076f580000)
 ParOldGen       total 175104K, used 0K [0x00000006c0000000, 0x00000006cab00000, 0x000000076ab00000)
  object space 175104K, 0% used [0x00000006c0000000,0x00000006c0000000,0x00000006cab00000)
 Metaspace       used 6818K, capacity 7264K, committed 7424K, reserved 1056768K
  class space    used 841K, capacity 951K, committed 1024K, reserved 1048576K

Card table byte_map: [0x000000011fff5000,0x00000001207f6000] byte_map_base: 0x000000011c9f5000

Marking Bits: (ParMarkBitMap*) 0x000000010f514e20
 Begin Bits: [0x0000000120d4c000, 0x0000000124d4c000)
 End Bits:   [0x0000000124d4c000, 0x0000000128d4c000)

Polling page: 0x000000010fbd1000

CodeCache: size=245760Kb used=2223Kb max_used=2223Kb free=243536Kb
 bounds [0x0000000110c35000, 0x0000000110ea5000, 0x000000011fc35000]
 total_blobs=898 nmethods=498 adapters=314
 compilation: enabled

Compilation events (10 events):
Event: 4.661 Thread 0x00007ffb3b021800 nmethod 492 0x0000000110e5c4d0 code [0x0000000110e5c680, 0x0000000110e5cac8]
Event: 4.661 Thread 0x00007ffb3b021800  493   !   3       com.sun.javafx.tk.quantum.QuantumToolkit::lambda$runToolkit$406 (16 bytes)
Event: 4.661 Thread 0x00007ffb3b021800 nmethod 493 0x0000000110e5ccd0 code [0x0000000110e5ce60, 0x0000000110e5d228]
Event: 6.797 Thread 0x00007ffb3b021800  494       3       com.sun.javafx.tk.quantum.QuantumToolkit::postPulse (148 bytes)
Event: 6.800 Thread 0x00007ffb3b021800 nmethod 494 0x0000000110e5d3d0 code [0x0000000110e5d760, 0x0000000110e5f758]
Event: 7.604 Thread 0x00007ffb3b021800  497       1       java.nio.Buffer::limit (5 bytes)
Event: 7.604 Thread 0x00007ffb3b021800 nmethod 497 0x0000000110e60950 code [0x0000000110e60aa0, 0x0000000110e60bb0]
Event: 7.607 Thread 0x00007ffb3c016000  498       4       java.lang.String::getChars (62 bytes)
Event: 7.607 Thread 0x00007ffb3b021800  499       1       java.util.concurrent.locks.AbstractQueuedSynchronizer::getState (5 bytes)
Event: 7.607 Thread 0x00007ffb3b021800 nmethod 499 0x0000000110e60c10 code [0x0000000110e60d60, 0x0000000110e60e70]

GC Heap History (0 events):
No events

Deoptimization events (1 events):
Event: 0.438 Thread 0x00007ffb39879800 Uncommon trap: reason=unstable_if action=reinterpret pc=0x0000000110de1a04 method=java.lang.String.replace(CC)Ljava/lang/String; @ 26

Internal exceptions (10 events):
Event: 0.101 Thread 0x00007ffb3c001800 Exception <a 'java/security/PrivilegedActionException'> (0x000000076abbc6f8) thrown at [/Users/java_re/workspace/8-2-build-macosx-x86_64/jdk8u65/4987/hotspot/src/share/vm/prims/jvm.cpp, line 1386]
Event: 0.154 Thread 0x00007ffb3c001800 Exception <a 'java/lang/NoSuchFieldError': method resolution failed> (0x000000076af5d7f8) thrown at [/Users/java_re/workspace/8-2-build-macosx-x86_64/jdk8u65/4987/hotspot/src/share/vm/prims/methodHandles.cpp, line 1146]
Event: 0.156 Thread 0x00007ffb3c001800 Exception <a 'java/lang/NoSuchFieldError': method resolution failed> (0x000000076af6ab78) thrown at [/Users/java_re/workspace/8-2-build-macosx-x86_64/jdk8u65/4987/hotspot/src/share/vm/prims/methodHandles.cpp, line 1146]
Event: 0.175 Thread 0x00007ffb3c001800 Exception <a 'java/security/PrivilegedActionException'> (0x000000076aff8738) thrown at [/Users/java_re/workspace/8-2-build-macosx-x86_64/jdk8u65/4987/hotspot/src/share/vm/prims/jvm.cpp, line 1386]
Event: 0.175 Thread 0x00007ffb3c001800 Exception <a 'java/security/PrivilegedActionException'> (0x000000076aff8948) thrown at [/Users/java_re/workspace/8-2-build-macosx-x86_64/jdk8u65/4987/hotspot/src/share/vm/prims/jvm.cpp, line 1386]
Event: 0.175 Thread 0x00007ffb3c001800 Exception <a 'java/security/PrivilegedActionException'> (0x000000076affbbe8) thrown at [/Users/java_re/workspace/8-2-build-macosx-x86_64/jdk8u65/4987/hotspot/src/share/vm/prims/jvm.cpp, line 1386]
Event: 0.175 Thread 0x00007ffb3c001800 Exception <a 'java/security/PrivilegedActionException'> (0x000000076affbdf8) thrown at [/Users/java_re/workspace/8-2-build-macosx-x86_64/jdk8u65/4987/hotspot/src/share/vm/prims/jvm.cpp, line 1386]
Event: 0.175 Thread 0x00007ffb3c001800 Exception <a 'java/lang/NullPointerException'> (0x000000076affd770) thrown at [/Users/java_re/workspace/8-2-build-macosx-x86_64/jdk8u65/4987/hotspot/src/share/vm/interpreter/linkResolver.cpp, line 1178]
Event: 7.597 Thread 0x00007ffb39879800 Exception <a 'java/lang/NullPointerException'> (0x000000076ba6d8b8) thrown at [/Users/java_re/workspace/8-2-build-macosx-x86_64/jdk8u65/4987/hotspot/src/share/vm/interpreter/linkResolver.cpp, line 1280]
Event: 7.597 Thread 0x00007ffb39879800 Exception <a 'java/lang/NullPointerException'> (0x000000076ba6d8b8) thrown at [/Users/java_re/workspace/8-2-build-macosx-x86_64/jdk8u65/4987/hotspot/src/share/vm/prims/jvm.cpp, line 1390]

Events (10 events):
Event: 7.607 Thread 0x00007ffb3c808800 Thread exited: 0x00007ffb3c808800
Event: 7.607 Thread 0x00007ffb3c1b7000 Thread exited: 0x00007ffb3c1b7000
Event: 7.607 Thread 0x00007ffb3c001800 Thread exited: 0x00007ffb3c001800
Event: 7.607 Thread 0x00007ffb39002000 Thread added: 0x00007ffb39002000
Event: 7.607 Thread 0x00007ffb39879800 Thread exited: 0x00007ffb39879800
Event: 7.607 loading class java/util/IdentityHashMap$KeyIterator
Event: 7.607 loading class java/util/IdentityHashMap$IdentityHashMapIterator
Event: 7.607 loading class java/util/IdentityHashMap$IdentityHashMapIterator done
Event: 7.607 loading class java/util/IdentityHashMap$KeyIterator done
Event: 7.608 Thread 0x00007ffb39002000 Thread exited: 0x00007ffb39002000


Dynamic libraries:
0x0000000005e09000 	/System/Library/Frameworks/Cocoa.framework/Versions/A/Cocoa
0x0000000005e09000 	/System/Library/Frameworks/Security.framework/Versions/A/Security
0x0000000005e09000 	/System/Library/Frameworks/ApplicationServices.framework/Versions/A/ApplicationServices
0x0000000005e09000 	/usr/lib/libz.1.dylib
0x0000000005e09000 	/usr/lib/libSystem.B.dylib
0x0000000005e09000 	/usr/lib/libobjc.A.dylib
0x0000000005e09000 	/System/Library/Frameworks/CoreFoundation.framework/Versions/A/CoreFoundation
0x0000000005e09000 	/System/Library/Frameworks/Foundation.framework/Versions/C/Foundation
0x0000000005e09000 	/System/Library/Frameworks/AppKit.framework/Versions/C/AppKit
0x0000000005e09000 	/System/Library/Frameworks/CoreData.framework/Versions/A/CoreData
0x0000000005e09000 	/System/Library/PrivateFrameworks/RemoteViewServices.framework/Versions/A/RemoteViewServices
0x0000000005e09000 	/System/Library/PrivateFrameworks/UIFoundation.framework/Versions/A/UIFoundation
0x0000000005e09000 	/usr/lib/libScreenReader.dylib
0x0000000005e09000 	/System/Library/Frameworks/Accelerate.framework/Versions/A/Accelerate
0x0000000005e09000 	/System/Library/Frameworks/IOSurface.framework/Versions/A/IOSurface
0x0000000005e09000 	/System/Library/Frameworks/AudioToolbox.framework/Versions/A/AudioToolbox
0x0000000005e09000 	/System/Library/Frameworks/AudioUnit.framework/Versions/A/AudioUnit
0x0000000005e09000 	/System/Library/PrivateFrameworks/DataDetectorsCore.framework/Versions/A/DataDetectorsCore
0x0000000005e09000 	/System/Library/PrivateFrameworks/DesktopServicesPriv.framework/Versions/A/DesktopServicesPriv
0x0000000005e09000 	/System/Library/Frameworks/Carbon.framework/Versions/A/Frameworks/HIToolbox.framework/Versions/A/HIToolbox
0x0000000005e09000 	/System/Library/Frameworks/QuartzCore.framework/Versions/A/QuartzCore
0x0000000005e09000 	/System/Library/Frameworks/Carbon.framework/Versions/A/Frameworks/SpeechRecognition.framework/Versions/A/SpeechRecognition
0x0000000005e09000 	/usr/lib/libauto.dylib
0x0000000005e09000 	/usr/lib/libicucore.A.dylib
0x0000000005e09000 	/usr/lib/libxml2.2.dylib
0x0000000005e09000 	/System/Library/PrivateFrameworks/CoreUI.framework/Versions/A/CoreUI
0x0000000005e09000 	/System/Library/Frameworks/CoreAudio.framework/Versions/A/CoreAudio
0x0000000005e09000 	/System/Library/Frameworks/DiskArbitration.framework/Versions/A/DiskArbitration
0x0000000005e09000 	/usr/lib/liblangid.dylib
0x0000000005e09000 	/System/Library/PrivateFrameworks/MultitouchSupport.framework/Versions/A/MultitouchSupport
0x0000000005e09000 	/System/Library/Frameworks/IOKit.framework/Versions/A/IOKit
0x0000000005e09000 	/usr/lib/libDiagnosticMessagesClient.dylib
0x0000000005e09000 	/System/Library/Frameworks/CoreServices.framework/Versions/A/CoreServices
0x0000000005e09000 	/System/Library/PrivateFrameworks/PerformanceAnalysis.framework/Versions/A/PerformanceAnalysis
0x0000000005e09000 	/System/Library/PrivateFrameworks/GenerationalStorage.framework/Versions/A/GenerationalStorage
0x0000000005e09000 	/System/Library/Frameworks/OpenGL.framework/Versions/A/OpenGL
0x0000000005e09000 	/System/Library/PrivateFrameworks/Sharing.framework/Versions/A/Sharing
0x0000000005e09000 	/System/Library/Frameworks/CoreGraphics.framework/Versions/A/CoreGraphics
0x0000000005e09000 	/System/Library/Frameworks/CoreImage.framework/Versions/A/CoreImage
0x0000000005e09000 	/System/Library/Frameworks/CoreText.framework/Versions/A/CoreText
0x0000000005e09000 	/System/Library/Frameworks/ImageIO.framework/Versions/A/ImageIO
0x0000000005e09000 	/System/Library/PrivateFrameworks/Backup.framework/Versions/A/Backup
0x0000000005e09000 	/usr/lib/libextension.dylib
0x0000000005e09000 	/usr/lib/libarchive.2.dylib
0x0000000005e09000 	/System/Library/Frameworks/CFNetwork.framework/Versions/A/CFNetwork
0x0000000005e09000 	/System/Library/Frameworks/SystemConfiguration.framework/Versions/A/SystemConfiguration
0x0000000005e09000 	/usr/lib/libCRFSuite.dylib
0x0000000005e09000 	/usr/lib/libc++.1.dylib
0x0000000005e09000 	/usr/lib/libc++abi.dylib
0x0000000005e09000 	/usr/lib/system/libcache.dylib
0x0000000005e09000 	/usr/lib/system/libcommonCrypto.dylib
0x0000000005e09000 	/usr/lib/system/libcompiler_rt.dylib
0x0000000005e09000 	/usr/lib/system/libcopyfile.dylib
0x0000000005e09000 	/usr/lib/system/libcorecrypto.dylib
0x0000000005e09000 	/usr/lib/system/libdispatch.dylib
0x0000000005e09000 	/usr/lib/system/libdyld.dylib
0x0000000005e09000 	/usr/lib/system/libkeymgr.dylib
0x0000000005e09000 	/usr/lib/system/liblaunch.dylib
0x0000000005e09000 	/usr/lib/system/libmacho.dylib
0x0000000005e09000 	/usr/lib/system/libquarantine.dylib
0x0000000005e09000 	/usr/lib/system/libremovefile.dylib
0x0000000005e09000 	/usr/lib/system/libsystem_asl.dylib
0x0000000005e09000 	/usr/lib/system/libsystem_blocks.dylib
0x0000000005e09000 	/usr/lib/system/libsystem_c.dylib
0x0000000005e09000 	/usr/lib/system/libsystem_configuration.dylib
0x0000000005e09000 	/usr/lib/system/libsystem_coreservices.dylib
0x0000000005e09000 	/usr/lib/system/libsystem_coretls.dylib
0x0000000005e09000 	/usr/lib/system/libsystem_dnssd.dylib
0x0000000005e09000 	/usr/lib/system/libsystem_info.dylib
0x0000000005e09000 	/usr/lib/system/libsystem_kernel.dylib
0x0000000005e09000 	/usr/lib/system/libsystem_m.dylib
0x0000000005e09000 	/usr/lib/system/libsystem_malloc.dylib
0x0000000005e09000 	/usr/lib/system/libsystem_network.dylib
0x0000000005e09000 	/usr/lib/system/libsystem_networkextension.dylib
0x0000000005e09000 	/usr/lib/system/libsystem_notify.dylib
0x0000000005e09000 	/usr/lib/system/libsystem_platform.dylib
0x0000000005e09000 	/usr/lib/system/libsystem_pthread.dylib
0x0000000005e09000 	/usr/lib/system/libsystem_sandbox.dylib
0x0000000005e09000 	/usr/lib/system/libsystem_secinit.dylib
0x0000000005e09000 	/usr/lib/system/libsystem_trace.dylib
0x0000000005e09000 	/usr/lib/system/libunc.dylib
0x0000000005e09000 	/usr/lib/system/libunwind.dylib
0x0000000005e09000 	/usr/lib/system/libxpc.dylib
0x0000000005e09000 	/usr/lib/libenergytrace.dylib
0x0000000005e09000 	/usr/lib/libbsm.0.dylib
0x0000000005e09000 	/usr/lib/system/libkxld.dylib
0x0000000005e09000 	/usr/lib/libxar.1.dylib
0x0000000005e09000 	/usr/lib/libsqlite3.dylib
0x0000000005e09000 	/usr/lib/libpam.2.dylib
0x0000000005e09000 	/usr/lib/libOpenScriptingUtil.dylib
0x0000000005e09000 	/usr/lib/libbz2.1.0.dylib
0x0000000005e09000 	/usr/lib/liblzma.5.dylib
0x0000000005e09000 	/System/Library/Frameworks/CoreServices.framework/Versions/A/Frameworks/FSEvents.framework/Versions/A/FSEvents
0x0000000005e09000 	/System/Library/Frameworks/CoreServices.framework/Versions/A/Frameworks/CarbonCore.framework/Versions/A/CarbonCore
0x0000000005e09000 	/System/Library/Frameworks/CoreServices.framework/Versions/A/Frameworks/Metadata.framework/Versions/A/Metadata
0x0000000005e09000 	/System/Library/Frameworks/CoreServices.framework/Versions/A/Frameworks/OSServices.framework/Versions/A/OSServices
0x0000000005e09000 	/System/Library/Frameworks/CoreServices.framework/Versions/A/Frameworks/SearchKit.framework/Versions/A/SearchKit
0x0000000005e09000 	/System/Library/Frameworks/CoreServices.framework/Versions/A/Frameworks/AE.framework/Versions/A/AE
0x0000000005e09000 	/System/Library/Frameworks/CoreServices.framework/Versions/A/Frameworks/LaunchServices.framework/Versions/A/LaunchServices
0x0000000005e09000 	/System/Library/Frameworks/CoreServices.framework/Versions/A/Frameworks/DictionaryServices.framework/Versions/A/DictionaryServices
0x0000000005e09000 	/System/Library/Frameworks/CoreServices.framework/Versions/A/Frameworks/SharedFileList.framework/Versions/A/SharedFileList
0x0000000005e09000 	/System/Library/Frameworks/NetFS.framework/Versions/A/NetFS
0x0000000005e09000 	/System/Library/PrivateFrameworks/NetAuth.framework/Versions/A/NetAuth
0x0000000005e09000 	/System/Library/PrivateFrameworks/login.framework/Versions/A/Frameworks/loginsupport.framework/Versions/A/loginsupport
0x0000000005e09000 	/System/Library/PrivateFrameworks/TCC.framework/Versions/A/TCC
0x0000000005e09000 	/usr/lib/libmecabra.dylib
0x0000000005e09000 	/System/Library/Frameworks/ApplicationServices.framework/Versions/A/Frameworks/ATS.framework/Versions/A/ATS
0x0000000005e09000 	/System/Library/Frameworks/ApplicationServices.framework/Versions/A/Frameworks/ColorSync.framework/Versions/A/ColorSync
0x0000000005e09000 	/System/Library/Frameworks/ApplicationServices.framework/Versions/A/Frameworks/HIServices.framework/Versions/A/HIServices
0x0000000005e09000 	/System/Library/Frameworks/ApplicationServices.framework/Versions/A/Frameworks/LangAnalysis.framework/Versions/A/LangAnalysis
0x0000000005e09000 	/System/Library/Frameworks/ApplicationServices.framework/Versions/A/Frameworks/PrintCore.framework/Versions/A/PrintCore
0x0000000005e09000 	/System/Library/Frameworks/ApplicationServices.framework/Versions/A/Frameworks/QD.framework/Versions/A/QD
0x0000000005e09000 	/System/Library/Frameworks/ApplicationServices.framework/Versions/A/Frameworks/SpeechSynthesis.framework/Versions/A/SpeechSynthesis
0x0000000005e09000 	/System/Library/Frameworks/Metal.framework/Versions/A/Metal
0x0000000005e09000 	/System/Library/Frameworks/Accelerate.framework/Versions/A/Frameworks/vImage.framework/Versions/A/vImage
0x0000000005e09000 	/System/Library/Frameworks/Accelerate.framework/Versions/A/Frameworks/vecLib.framework/Versions/A/vecLib
0x0000000005e09000 	/System/Library/Frameworks/Accelerate.framework/Versions/A/Frameworks/vecLib.framework/Versions/A/libvDSP.dylib
0x0000000005e09000 	/System/Library/Frameworks/Accelerate.framework/Versions/A/Frameworks/vecLib.framework/Versions/A/libvMisc.dylib
0x0000000005e09000 	/System/Library/Frameworks/Accelerate.framework/Versions/A/Frameworks/vecLib.framework/Versions/A/libLAPACK.dylib
0x0000000005e09000 	/System/Library/Frameworks/Accelerate.framework/Versions/A/Frameworks/vecLib.framework/Versions/A/libBLAS.dylib
0x0000000005e09000 	/System/Library/Frameworks/Accelerate.framework/Versions/A/Frameworks/vecLib.framework/Versions/A/libLinearAlgebra.dylib
0x0000000005e09000 	/System/Library/Frameworks/Accelerate.framework/Versions/A/Frameworks/vecLib.framework/Versions/A/libSparseBLAS.dylib
0x0000000005e09000 	/System/Library/PrivateFrameworks/GPUCompiler.framework/libmetal_timestamp.dylib
0x0000000005e09000 	/System/Library/Frameworks/OpenGL.framework/Versions/A/Libraries/libCoreFSCache.dylib
0x0000000005e09000 	/System/Library/PrivateFrameworks/IOAccelerator.framework/Versions/A/IOAccelerator
0x0000000005e09000 	/System/Library/Frameworks/ApplicationServices.framework/Versions/A/Frameworks/ATS.framework/Versions/A/Resources/libFontParser.dylib
0x0000000005e09000 	/System/Library/Frameworks/ApplicationServices.framework/Versions/A/Frameworks/ATS.framework/Versions/A/Resources/libFontRegistry.dylib
0x0000000005e09000 	/System/Library/PrivateFrameworks/AppleVPA.framework/Versions/A/AppleVPA
0x0000000005e09000 	/System/Library/PrivateFrameworks/AppleJPEG.framework/Versions/A/AppleJPEG
0x0000000005e09000 	/System/Library/Frameworks/ImageIO.framework/Versions/A/Resources/libJPEG.dylib
0x0000000005e09000 	/System/Library/Frameworks/ImageIO.framework/Versions/A/Resources/libTIFF.dylib
0x0000000005e09000 	/System/Library/Frameworks/ImageIO.framework/Versions/A/Resources/libPng.dylib
0x0000000005e09000 	/System/Library/Frameworks/ImageIO.framework/Versions/A/Resources/libGIF.dylib
0x0000000005e09000 	/System/Library/Frameworks/ImageIO.framework/Versions/A/Resources/libJP2.dylib
0x0000000005e09000 	/System/Library/Frameworks/ImageIO.framework/Versions/A/Resources/libRadiance.dylib
0x0000000005e09000 	/System/Library/Frameworks/CoreVideo.framework/Versions/A/CoreVideo
0x0000000005e09000 	/System/Library/Frameworks/OpenGL.framework/Versions/A/Libraries/libGLU.dylib
0x0000000005e09000 	/System/Library/Frameworks/OpenGL.framework/Versions/A/Libraries/libGFXShared.dylib
0x0000000005e09000 	/System/Library/Frameworks/OpenGL.framework/Versions/A/Libraries/libGL.dylib
0x0000000005e09000 	/System/Library/Frameworks/OpenGL.framework/Versions/A/Libraries/libGLImage.dylib
0x0000000005e09000 	/System/Library/Frameworks/OpenGL.framework/Versions/A/Libraries/libCVMSPluginSupport.dylib
0x0000000005e09000 	/System/Library/Frameworks/OpenGL.framework/Versions/A/Libraries/libCoreVMClient.dylib
0x0000000005e09000 	/usr/lib/libcups.2.dylib
0x0000000005e09000 	/System/Library/Frameworks/Kerberos.framework/Versions/A/Kerberos
0x0000000005e09000 	/System/Library/Frameworks/GSS.framework/Versions/A/GSS
0x0000000005e09000 	/usr/lib/libresolv.9.dylib
0x0000000005e09000 	/usr/lib/libiconv.2.dylib
0x0000000005e09000 	/System/Library/PrivateFrameworks/Heimdal.framework/Versions/A/Heimdal
0x0000000005e09000 	/usr/lib/libheimdal-asn1.dylib
0x0000000005e09000 	/System/Library/Frameworks/OpenDirectory.framework/Versions/A/OpenDirectory
0x0000000005e09000 	/System/Library/PrivateFrameworks/CommonAuth.framework/Versions/A/CommonAuth
0x0000000005e09000 	/System/Library/Frameworks/OpenDirectory.framework/Versions/A/Frameworks/CFOpenDirectory.framework/Versions/A/CFOpenDirectory
0x0000000005e09000 	/System/Library/Frameworks/SecurityFoundation.framework/Versions/A/SecurityFoundation
0x0000000005e09000 	/System/Library/PrivateFrameworks/LanguageModeling.framework/Versions/A/LanguageModeling
0x0000000005e09000 	/usr/lib/libmarisa.dylib
0x0000000005e09000 	/usr/lib/libChineseTokenizer.dylib
0x0000000005e09000 	/usr/lib/libcmph.dylib
0x0000000005e09000 	/usr/lib/libcompression.dylib
0x0000000005e09000 	/System/Library/Frameworks/ServiceManagement.framework/Versions/A/ServiceManagement
0x0000000005e09000 	/usr/lib/libxslt.1.dylib
0x0000000005e09000 	/System/Library/Frameworks/Carbon.framework/Versions/A/Frameworks/Ink.framework/Versions/A/Ink
0x0000000005e09000 	/usr/lib/libFosl_dynamic.dylib
0x0000000005e09000 	/System/Library/PrivateFrameworks/FaceCore.framework/Versions/A/FaceCore
0x0000000005e09000 	/System/Library/Frameworks/OpenCL.framework/Versions/A/OpenCL
0x0000000005e09000 	/System/Library/PrivateFrameworks/CrashReporterSupport.framework/Versions/A/CrashReporterSupport
0x0000000005e09000 	/System/Library/PrivateFrameworks/IconServices.framework/Versions/A/IconServices
0x0000000005e09000 	/System/Library/PrivateFrameworks/Apple80211.framework/Versions/A/Apple80211
0x0000000005e09000 	/System/Library/Frameworks/CoreWLAN.framework/Versions/A/CoreWLAN
0x0000000005e09000 	/System/Library/Frameworks/IOBluetooth.framework/Versions/A/IOBluetooth
0x0000000005e09000 	/System/Library/PrivateFrameworks/CoreWiFi.framework/Versions/A/CoreWiFi
0x0000000005e09000 	/System/Library/Frameworks/CoreBluetooth.framework/Versions/A/CoreBluetooth
0x0000000005e09000 	/System/Library/PrivateFrameworks/ChunkingLibrary.framework/Versions/A/ChunkingLibrary
0x0000000005e09000 	/System/Library/PrivateFrameworks/DebugSymbols.framework/Versions/A/DebugSymbols
0x0000000005e09000 	/System/Library/PrivateFrameworks/CoreSymbolication.framework/Versions/A/CoreSymbolication
0x0000000005e09000 	/System/Library/PrivateFrameworks/Symbolication.framework/Versions/A/Symbolication
0x0000000005e09000 	/System/Library/PrivateFrameworks/SpeechRecognitionCore.framework/Versions/A/SpeechRecognitionCore
0x000000010ec36000 	/Library/Java/JavaVirtualMachines/jdk1.8.0_65.jdk/Contents/Home/jre/lib/server/libjvm.dylib
0x0000000005e09000 	/usr/lib/libstdc++.6.dylib
0x000000010fbc3000 	/Library/Java/JavaVirtualMachines/jdk1.8.0_65.jdk/Contents/Home/jre/lib/libverify.dylib
0x0000000110c00000 	/Library/Java/JavaVirtualMachines/jdk1.8.0_65.jdk/Contents/Home/jre/lib/libjava.dylib
0x000000010fbdb000 	/Library/Java/JavaVirtualMachines/jdk1.8.0_65.jdk/Contents/Home/jre/lib/libzip.dylib
0x000000010fbe4000 	/System/Library/Frameworks/JavaVM.framework/Frameworks/JavaRuntimeSupport.framework/JavaRuntimeSupport
0x000000012bcc2000 	/System/Library/Frameworks/JavaVM.framework/Versions/A/Frameworks/JavaNativeFoundation.framework/Versions/A/JavaNativeFoundation
0x000000012bcd7000 	/System/Library/Frameworks/JavaVM.framework/Versions/A/JavaVM
0x0000000005e09000 	/System/Library/Frameworks/Carbon.framework/Versions/A/Carbon
0x000000012bce4000 	/System/Library/PrivateFrameworks/JavaLaunching.framework/Versions/A/JavaLaunching
0x0000000005e09000 	/System/Library/Frameworks/Carbon.framework/Versions/A/Frameworks/CommonPanels.framework/Versions/A/CommonPanels
0x0000000005e09000 	/System/Library/Frameworks/Carbon.framework/Versions/A/Frameworks/Help.framework/Versions/A/Help
0x0000000005e09000 	/System/Library/Frameworks/Carbon.framework/Versions/A/Frameworks/ImageCapture.framework/Versions/A/ImageCapture
0x0000000005e09000 	/System/Library/Frameworks/Carbon.framework/Versions/A/Frameworks/OpenScripting.framework/Versions/A/OpenScripting
0x0000000005e09000 	/System/Library/Frameworks/Carbon.framework/Versions/A/Frameworks/Print.framework/Versions/A/Print
0x0000000005e09000 	/System/Library/Frameworks/Carbon.framework/Versions/A/Frameworks/SecurityHI.framework/Versions/A/SecurityHI
0x000000012d6d8000 	/Library/Java/JavaVirtualMachines/jdk1.8.0_65.jdk/Contents/Home/jre/lib/libprism_es2.dylib
0x0000000005e09000 	/System/Library/Frameworks/OpenGL.framework/Versions/A/Resources/GLEngine.bundle/GLEngine
0x0000000005e09000 	/System/Library/Frameworks/OpenGL.framework/Versions/A/Libraries/libGLProgrammability.dylib
0x000000012d75a000 	/System/Library/Extensions/AppleIntelHD3000GraphicsGLDriver.bundle/Contents/MacOS/AppleIntelHD3000GraphicsGLDriver
0x0000000005e09000 	/System/Library/PrivateFrameworks/GPUSupport.framework/Versions/A/Libraries/libGPUSupport.dylib
0x000000012dbf9000 	/System/Library/Extensions/AMDRadeonX3000GLDriver.bundle/Contents/MacOS/AMDRadeonX3000GLDriver
0x0000000005e09000 	/System/Library/PrivateFrameworks/GPUSupport.framework/Versions/A/Libraries/libGPUSupportMercury.dylib
0x000000012dcd8000 	/System/Library/Extensions/AMDRadeonX3000GLDriver.bundle/Contents/MacOS/ATIRadeonX3000SCLib.dylib
0x0000000005e09000 	/System/Library/Frameworks/OpenGL.framework/Versions/A/Resources/GLRendererFloat.bundle/GLRendererFloat
0x0000000005e09000 	/System/Library/Frameworks/OpenCL.framework/Versions/A/Libraries/libcldcpuengine.dylib
0x0000000005e09000 	/System/Library/PrivateFrameworks/DiskImages.framework/Versions/A/DiskImages
0x0000000005e09000 	/System/Library/Frameworks/DiscRecording.framework/Versions/A/DiscRecording
0x0000000005e09000 	/usr/lib/libcsfde.dylib
0x0000000005e09000 	/usr/lib/libcurl.4.dylib
0x0000000005e09000 	/System/Library/PrivateFrameworks/MediaKit.framework/Versions/A/MediaKit
0x0000000005e09000 	/System/Library/PrivateFrameworks/ProtectedCloudStorage.framework/Versions/A/ProtectedCloudStorage
0x0000000005e09000 	/usr/lib/libCoreStorage.dylib
0x0000000005e09000 	/System/Library/PrivateFrameworks/EFILogin.framework/Versions/A/EFILogin
0x0000000005e09000 	/usr/lib/libutil.dylib
0x0000000005e09000 	/System/Library/PrivateFrameworks/FindMyDevice.framework/Versions/A/FindMyDevice
0x0000000005e09000 	/System/Library/Frameworks/LDAP.framework/Versions/A/LDAP
0x0000000005e09000 	/usr/lib/libsasl2.2.dylib
0x0000000005e09000 	/System/Library/PrivateFrameworks/CoreDaemon.framework/Versions/B/CoreDaemon
0x0000000005e09000 	/usr/lib/libcrypto.0.9.8.dylib
0x0000000005e09000 	/System/Library/PrivateFrameworks/AppleSRP.framework/Versions/A/AppleSRP
0x0000000005e09000 	/System/Library/PrivateFrameworks/TrustEvaluationAgent.framework/Versions/A/TrustEvaluationAgent
0x000000012df90000 	/Library/Java/JavaVirtualMachines/jdk1.8.0_65.jdk/Contents/Home/jre/lib/libglass.dylib
0x0000000005e09000 	/System/Library/PrivateFrameworks/CoreServicesInternal.framework/Versions/A/CoreServicesInternal
0x0000000005e09000 	/System/Library/CoreServices/RawCamera.bundle/Contents/MacOS/RawCamera
0x0000000005e09000 	/System/Library/Frameworks/CoreGraphics.framework/Versions/A/Resources/libRIP.A.dylib
0x0000000005e09000 	/System/Library/Frameworks/Accelerate.framework/Versions/A/Frameworks/vImage.framework/Versions/A/Libraries/libCGInterfaces.dylib
0x0000000005e09000 	/System/Library/PrivateFrameworks/FamilyControls.framework/Versions/A/FamilyControls
0x0000000005e09000 	/System/Library/PrivateFrameworks/CommerceKit.framework/Versions/A/Frameworks/CommerceCore.framework/Versions/A/CommerceCore
0x0000000005e09000 	/System/Library/PrivateFrameworks/SystemAdministration.framework/Versions/A/SystemAdministration
0x0000000005e09000 	/System/Library/PrivateFrameworks/AppContainer.framework/Versions/A/AppContainer
0x0000000005e09000 	/System/Library/PrivateFrameworks/SecCodeWrapper.framework/Versions/A/SecCodeWrapper
0x0000000005e09000 	/System/Library/Frameworks/DirectoryService.framework/Versions/A/DirectoryService
0x0000000005e09000 	/System/Library/PrivateFrameworks/LoginUIKit.framework/Versions/A/Frameworks/LoginUICore.framework/Versions/A/LoginUICore
0x0000000005e09000 	/usr/lib/libodfde.dylib
0x0000000005e09000 	/System/Library/Frameworks/CoreGraphics.framework/Versions/A/Resources/libCGXType.A.dylib
0x0000000132889000 	cl_kernels
0x0000000005e09000 	/System/Library/Frameworks/OpenCL.framework/Versions/A/Libraries/ImageFormats/unorm8_bgra.dylib
0x0000000005e09000 	/System/Library/Frameworks/OpenCL.framework/Versions/A/Libraries/ImageFormats/unorm8_rgba.dylib

VM Arguments:
jvm_args: -Dfile.encoding=UTF-8 
java_command: /Users/Waukeene/NetBeansProjects/Java_Projects/VaqPack/FinalProjVP/dist/run898540145/FinalProjVP.jar
java_class_path (initial): /Users/Waukeene/NetBeansProjects/Java_Projects/VaqPack/FinalProjVP/dist/run898540145/FinalProjVP.jar
Launcher Type: SUN_STANDARD

Environment Variables:
PATH=/usr/bin:/bin:/usr/sbin:/sbin
LD_LIBRARY_PATH=/Library/Java/JavaVirtualMachines/jdk1.8.0_65.jdk/Contents/Home/jre/lib/amd64:/Library/Java/JavaVirtualMachines/jdk1.8.0_65.jdk/Contents/Home/jre/lib/i386:
SHELL=/bin/bash

Signal Handlers:
SIGSEGV: [libjvm.dylib+0x5a6d31], sa_mask[0]=11111111011111110111111111111111, sa_flags=SA_ONSTACK|SA_RESTART|SA_SIGINFO
SIGBUS: [libjvm.dylib+0x5a6d31], sa_mask[0]=11111111011111110111111111111111, sa_flags=SA_RESTART|SA_SIGINFO
SIGFPE: [libjvm.dylib+0x480a40], sa_mask[0]=11111111011111110111111111111111, sa_flags=SA_RESTART|SA_SIGINFO
SIGPIPE: [libjvm.dylib+0x480a40], sa_mask[0]=11111111011111110111111111111111, sa_flags=SA_RESTART|SA_SIGINFO
SIGXFSZ: [libjvm.dylib+0x480a40], sa_mask[0]=11111111011111110111111111111111, sa_flags=SA_RESTART|SA_SIGINFO
SIGILL: [libjvm.dylib+0x480a40], sa_mask[0]=11111111011111110111111111111111, sa_flags=SA_RESTART|SA_SIGINFO
SIGUSR1: SIG_DFL, sa_mask[0]=00000000000000000000000000000000, sa_flags=none
SIGUSR2: [libjvm.dylib+0x48055e], sa_mask[0]=00100000000000000000000000000000, sa_flags=SA_RESTART|SA_SIGINFO
SIGHUP: [libjvm.dylib+0x47eb35], sa_mask[0]=11111111011111110111111111111111, sa_flags=SA_RESTART|SA_SIGINFO
SIGINT: SIG_IGN, sa_mask[0]=00000000000000000000000000000000, sa_flags=none
SIGTERM: [libjvm.dylib+0x47eb35], sa_mask[0]=11111111011111110111111111111111, sa_flags=SA_RESTART|SA_SIGINFO
SIGQUIT: [libjvm.dylib+0x47eb35], sa_mask[0]=11111111011111110111111111111111, sa_flags=SA_RESTART|SA_SIGINFO


---------------  S Y S T E M  ---------------

OS:Bsduname:Darwin 15.4.0 Darwin Kernel Version 15.4.0: Fri Feb 26 22:08:05 PST 2016; root:xnu-3248.40.184~3/RELEASE_X86_64 x86_64
rlimit: STACK 8192k, CORE 0k, NPROC 709, NOFILE 10240, AS infinity
load average:1.28 1.51 1.56

CPU:total 8 (4 cores per cpu, 2 threads per core) family 6 model 42 stepping 7, cmov, cx8, fxsr, mmx, sse, sse2, sse3, ssse3, sse4.1, sse4.2, popcnt, avx, aes, clmul, ht, tsc, tscinvbit

Memory: 4k page, physical 16777216k(552364k free)

/proc/meminfo:


vm_info: Java HotSpot(TM) 64-Bit Server VM (25.65-b01) for bsd-amd64 JRE (1.8.0_65-b17), built on Oct  6 2015 15:36:46 by "java_re" with gcc 4.2.1 (Based on Apple Inc. build 5658) (LLVM build 2336.11.00)

time: Tue Mar 29 08:02:20 2016
elapsed time: 7 seconds (0d 0h 0m 7s)

